Processing esp32dev_ota (platform: espressif32; board: esp32dev; framework: arduino)
--------------------------------------------------------------------------------
Verbose mode can be enabled via `-v, --verbose` option
CONFIGURATION: https://docs.platformio.org/page/boards/espressif32/esp32dev.html
PLATFORM: Espressif 32 (6.13.0) > Espressif ESP32 Dev Module
HARDWARE: ESP32 240MHz, 320KB RAM, 4MB Flash
DEBUG: Current (cmsis-dap) External (cmsis-dap, esp-bridge, esp-prog, iot-bus-jtag, jlink, minimodule, olimex-arm-usb-ocd, olimex-arm-usb-ocd-h, olimex-arm-usb-tiny-h, olimex-jtag-tiny, tumpa)
PACKAGES: 
 - framework-arduinoespressif32 @ 3.20017.241212+sha.dcc1105b 
 - tool-esptoolpy @ 2.41100.0 (4.11.0) 
 - tool-mkfatfs @ 2.0.1 
 - tool-mklittlefs @ 1.203.210628 (2.3) 
 - tool-mkspiffs @ 2.230.0 (2.30) 
 - tool-openocd-esp32 @ 2.1100.20220706 (11.0) 
 - toolchain-xtensa-esp32 @ 8.4.0+2021r2-patch5
LDF: Library Dependency Finder -> https://bit.ly/configure-pio-ldf
LDF Modes: Finder ~ chain, Compatibility ~ soft
Found 40 compatible libraries
Scanning dependencies...
Dependency Graph
|-- PubSubClient @ 2.8.0
|-- Adafruit GFX Library @ 1.12.6
|-- Adafruit SH110X @ 2.1.14
|-- Adafruit SHT4x Library @ 1.0.5
|-- WebServer @ 2.0.0
|-- Wire @ 2.0.0
|-- WiFi @ 2.0.0
|-- ArduinoOTA @ 2.0.0
Building in release mode
Compiling .pio\build\esp32dev_ota\src\api_server.cpp.o
Compiling .pio\build\esp32dev_ota\src\control.cpp.o
Compiling .pio\build\esp32dev_ota\src\display_manager.cpp.o
Compiling .pio\build\esp32dev_ota\src\main.cpp.o
Compiling .pio\build\esp32dev_ota\src\mqtt_manager.cpp.o
Compiling .pio\build\esp32dev_ota\src\sensors.cpp.o
Compiling .pio\build\esp32dev_ota\src\wifi_manager.cpp.o
Building .pio\build\esp32dev_ota\bootloader.bin
esptool.py v4.11.0
Creating esp32 image...
Merged 1 ELF section
Successfully created esp32 image.
Generating partitions .pio\build\esp32dev_ota\partitions.bin
Compiling .pio\build\esp32dev_ota\lib476\PubSubClient\PubSubClient.cpp.o
Compiling .pio\build\esp32dev_ota\lib802\Wire\Wire.cpp.o
Compiling .pio\build\esp32dev_ota\libb9c\SPI\SPI.cpp.o
Compiling .pio\build\esp32dev_ota\lib093\Adafruit BusIO\Adafruit_BusIO_Register.cpp.o
Archiving .pio\build\esp32dev_ota\lib476\libPubSubClient.a
Compiling .pio\build\esp32dev_ota\lib093\Adafruit BusIO\Adafruit_GenericDevice.cpp.o
Archiving .pio\build\esp32dev_ota\lib802\libWire.a
Compiling .pio\build\esp32dev_ota\lib093\Adafruit BusIO\Adafruit_I2CDevice.cpp.o
Archiving .pio\build\esp32dev_ota\libb9c\libSPI.a
Compiling .pio\build\esp32dev_ota\lib093\Adafruit BusIO\Adafruit_SPIDevice.cpp.o
Compiling .pio\build\esp32dev_ota\lib68e\Adafruit GFX Library\Adafruit_GFX.cpp.o
Compiling .pio\build\esp32dev_ota\lib68e\Adafruit GFX Library\Adafruit_GrayOLED.cpp.o
Compiling .pio\build\esp32dev_ota\lib68e\Adafruit GFX Library\Adafruit_SPITFT.cpp.o
Archiving .pio\build\esp32dev_ota\lib093\libAdafruit BusIO.a
Compiling .pio\build\esp32dev_ota\lib68e\Adafruit GFX Library\glcdfont.c.o
Compiling .pio\build\esp32dev_ota\lib880\Adafruit SH110X\Adafruit_SH1106G.cpp.o
Compiling .pio\build\esp32dev_ota\lib880\Adafruit SH110X\Adafruit_SH1107.cpp.o
Compiling .pio\build\esp32dev_ota\lib880\Adafruit SH110X\Adafruit_SH110X.cpp.o
Archiving .pio\build\esp32dev_ota\lib68e\libAdafruit GFX Library.a
Compiling .pio\build\esp32dev_ota\libf94\Adafruit Unified Sensor\Adafruit_Sensor.cpp.o
Compiling .pio\build\esp32dev_ota\lib5ef\Adafruit SHT4x Library\Adafruit_SHT4x.cpp.o
Archiving .pio\build\esp32dev_ota\lib880\libAdafruit SH110X.a
Compiling .pio\build\esp32dev_ota\lib135\WiFi\WiFi.cpp.o
Compiling .pio\build\esp32dev_ota\lib135\WiFi\WiFiAP.cpp.o
Archiving .pio\build\esp32dev_ota\libf94\libAdafruit Unified Sensor.a
Compiling .pio\build\esp32dev_ota\lib135\WiFi\WiFiClient.cpp.o
Archiving .pio\build\esp32dev_ota\lib5ef\libAdafruit SHT4x Library.a
Compiling .pio\build\esp32dev_ota\lib135\WiFi\WiFiGeneric.cpp.o
Compiling .pio\build\esp32dev_ota\lib135\WiFi\WiFiMulti.cpp.o
Compiling .pio\build\esp32dev_ota\lib135\WiFi\WiFiSTA.cpp.o
Compiling .pio\build\esp32dev_ota\lib135\WiFi\WiFiScan.cpp.o
Compiling .pio\build\esp32dev_ota\lib135\WiFi\WiFiServer.cpp.o
Compiling .pio\build\esp32dev_ota\lib135\WiFi\WiFiUdp.cpp.o
Compiling .pio\build\esp32dev_ota\libecb\FS\FS.cpp.o
Compiling .pio\build\esp32dev_ota\libecb\FS\vfs_api.cpp.o
Compiling .pio\build\esp32dev_ota\lib5d3\WebServer\Parsing.cpp.o
Archiving .pio\build\esp32dev_ota\lib135\libWiFi.a
Compiling .pio\build\esp32dev_ota\lib5d3\WebServer\WebServer.cpp.o
Compiling .pio\build\esp32dev_ota\lib5d3\WebServer\detail\mimetable.cpp.o
Compiling .pio\build\esp32dev_ota\lib479\Update\HttpsOTAUpdate.cpp.o
Archiving .pio\build\esp32dev_ota\libecb\libFS.a
Compiling .pio\build\esp32dev_ota\lib479\Update\Updater.cpp.o
Compiling .pio\build\esp32dev_ota\lib5e1\ESPmDNS\ESPmDNS.cpp.o
Compiling .pio\build\esp32dev_ota\libcf7\ArduinoOTA\ArduinoOTA.cpp.o
Archiving .pio\build\esp32dev_ota\lib5d3\libWebServer.a
Compiling .pio\build\esp32dev_ota\FrameworkArduino\Esp.cpp.o
Archiving .pio\build\esp32dev_ota\lib479\libUpdate.a
Compiling .pio\build\esp32dev_ota\FrameworkArduino\FirmwareMSC.cpp.o
Compiling .pio\build\esp32dev_ota\FrameworkArduino\FunctionalInterrupt.cpp.o
Archiving .pio\build\esp32dev_ota\lib5e1\libESPmDNS.a
Compiling .pio\build\esp32dev_ota\FrameworkArduino\HWCDC.cpp.o
Compiling .pio\build\esp32dev_ota\FrameworkArduino\HardwareSerial.cpp.o
Archiving .pio\build\esp32dev_ota\libcf7\libArduinoOTA.a
Compiling .pio\build\esp32dev_ota\FrameworkArduino\IPAddress.cpp.o
Compiling .pio\build\esp32dev_ota\FrameworkArduino\IPv6Address.cpp.o
Compiling .pio\build\esp32dev_ota\FrameworkArduino\MD5Builder.cpp.o
Compiling .pio\build\esp32dev_ota\FrameworkArduino\Print.cpp.o
Compiling .pio\build\esp32dev_ota\FrameworkArduino\Stream.cpp.o
Compiling .pio\build\esp32dev_ota\FrameworkArduino\StreamString.cpp.o
Compiling .pio\build\esp32dev_ota\FrameworkArduino\Tone.cpp.o
Compiling .pio\build\esp32dev_ota\FrameworkArduino\USB.cpp.o
Compiling .pio\build\esp32dev_ota\FrameworkArduino\USBCDC.cpp.o
Compiling .pio\build\esp32dev_ota\FrameworkArduino\USBMSC.cpp.o
Compiling .pio\build\esp32dev_ota\FrameworkArduino\WMath.cpp.o
Compiling .pio\build\esp32dev_ota\FrameworkArduino\WString.cpp.o
Compiling .pio\build\esp32dev_ota\FrameworkArduino\base64.cpp.o
Compiling .pio\build\esp32dev_ota\FrameworkArduino\cbuf.cpp.o
Compiling .pio\build\esp32dev_ota\FrameworkArduino\esp32-hal-adc.c.o
Compiling .pio\build\esp32dev_ota\FrameworkArduino\esp32-hal-bt.c.o
Compiling .pio\build\esp32dev_ota\FrameworkArduino\esp32-hal-cpu.c.o
Compiling .pio\build\esp32dev_ota\FrameworkArduino\esp32-hal-dac.c.o
Compiling .pio\build\esp32dev_ota\FrameworkArduino\esp32-hal-gpio.c.o
Compiling .pio\build\esp32dev_ota\FrameworkArduino\esp32-hal-i2c-slave.c.o
Compiling .pio\build\esp32dev_ota\FrameworkArduino\esp32-hal-i2c.c.o
Compiling .pio\build\esp32dev_ota\FrameworkArduino\esp32-hal-ledc.c.o
Compiling .pio\build\esp32dev_ota\FrameworkArduino\esp32-hal-matrix.c.o
Compiling .pio\build\esp32dev_ota\FrameworkArduino\esp32-hal-misc.c.o
Compiling .pio\build\esp32dev_ota\FrameworkArduino\esp32-hal-psram.c.o
Compiling .pio\build\esp32dev_ota\FrameworkArduino\esp32-hal-rgb-led.c.o
Compiling .pio\build\esp32dev_ota\FrameworkArduino\esp32-hal-rmt.c.o
Compiling .pio\build\esp32dev_ota\FrameworkArduino\esp32-hal-sigmadelta.c.o
Compiling .pio\build\esp32dev_ota\FrameworkArduino\esp32-hal-spi.c.o
Compiling .pio\build\esp32dev_ota\FrameworkArduino\esp32-hal-time.c.o
Compiling .pio\build\esp32dev_ota\FrameworkArduino\esp32-hal-timer.c.o
Compiling .pio\build\esp32dev_ota\FrameworkArduino\esp32-hal-tinyusb.c.o
Compiling .pio\build\esp32dev_ota\FrameworkArduino\esp32-hal-touch.c.o
Compiling .pio\build\esp32dev_ota\FrameworkArduino\esp32-hal-uart.c.o
Compiling .pio\build\esp32dev_ota\FrameworkArduino\firmware_msc_fat.c.o
Compiling .pio\build\esp32dev_ota\FrameworkArduino\libb64\cdecode.c.o
Compiling .pio\build\esp32dev_ota\FrameworkArduino\libb64\cencode.c.o
Compiling .pio\build\esp32dev_ota\FrameworkArduino\main.cpp.o
Compiling .pio\build\esp32dev_ota\FrameworkArduino\stdlib_noniso.c.o
Compiling .pio\build\esp32dev_ota\FrameworkArduino\wiring_pulse.c.o
Compiling .pio\build\esp32dev_ota\FrameworkArduino\wiring_shift.c.o
Archiving .pio\build\esp32dev_ota\libFrameworkArduino.a
Linking .pio\build\esp32dev_ota\firmware.elf
Retrieving maximum program size .pio\build\esp32dev_ota\firmware.elf
Checking size .pio\build\esp32dev_ota\firmware.elf
Advanced Memory Usage is available via "PlatformIO Home > Project Inspect"
RAM:   [==        ]  15.3% (used 49980 bytes from 327680 bytes)
Flash: [=======   ]  66.3% (used 869057 bytes from 1310720 bytes)
Building .pio\build\esp32dev_ota\firmware.bin
esptool.py v4.11.0
Creating esp32 image...
Merged 27 ELF sections
Successfully created esp32 image.
Configuring upload protocol...
AVAILABLE: cmsis-dap, esp-bridge, esp-prog, espota, esptool, iot-bus-jtag, jlink, minimodule, olimex-arm-usb-ocd, olimex-arm-usb-ocd-h, olimex-arm-usb-tiny-h, olimex-jtag-tiny, tumpa
CURRENT: upload_protocol = espota
Uploading .pio\build\esp32dev_ota\firmware.bin
