12:42:41 [DEBUG]: Options: {'esp_ip': '192.168.68.119', 'host_ip': '0.0.0.0', 'esp_port': 3232, 'host_port': 51304, 'auth': '', 'image': '.pio\\build\\esp32dev_ota\\firmware.bin', 'spiffs': False, 'debug': True, 'progress': True, 'timeout': 10}
12:42:41 [INFO]: Starting on 0.0.0.0:51304
12:42:41 [INFO]: Upload size: 875632
Sending invitation to 192.168.68.119 
12:42:43 [INFO]: Waiting for device...

Uploading: [                                                            ] 0% 
Uploading: [                                                            ] 0% 
Uploading: [                                                            ] 0% 
Uploading: [                                                            ] 0% 
Uploading: [                                                            ] 0% 
Uploading: [                                                            ] 0% 
Uploading: [                                                            ] 0% 
Uploading: [                                                            ] 0% 
Uploading: [=                                                           ] 0% 
Uploading: [=                                                           ] 1% 
Uploading: [=                                                           ] 1% 
Uploading: [=                                                           ] 1% 
Uploading: [=                                                           ] 1% 
Uploading: [=                                                           ] 1% 
Uploading: [=                                                           ] 1% 
Uploading: [=                                                           ] 1% 
Uploading: [=                                                           ] 1% 
Uploading: [=                                                           ] 1% 
Uploading: [=                                                           ] 2% 
Uploading: [=                                                           ] 2% 
Uploading: [=                                                           ] 2% 
Uploading: [=                                                           ] 2% 
Uploading: [==                                                          ] 2% 
Uploading: [==                                                          ] 2% 
Uploading: [==                                                          ] 2% 
Uploading: [==                                                          ] 2% 
Uploading: [==                                                          ] 3% 
Uploading: [==                                                          ] 3% 
Uploading: [==                                                          ] 3% 
Uploading: [==                                                          ] 3% 
Uploading: [==                                                          ] 3% 
Uploading: [==                                                          ] 3% 
Uploading: [==                                                          ] 3% 
Uploading: [==                                                          ] 3% 
Uploading: [==                                                          ] 3% 
Uploading: [==                                                          ] 4% 
Uploading: [===                                                         ] 4% 
Uploading: [===                                                         ] 4% 
Uploading: [===                                                         ] 4% 
Uploading: [===                                                         ] 4% 
Uploading: [===                                                         ] 4% 
Uploading: [===                                                         ] 4% 
Uploading: [===                                                         ] 4% 
Uploading: [===                                                         ] 5% 
Uploading: [===                                                         ] 5% 
Uploading: [===                                                         ] 5% 
Uploading: [===                                                         ] 5% 
Uploading: [===                                                         ] 5% 
Uploading: [===                                                         ] 5% 
Uploading: [===                                                         ] 5% 
Uploading: [====                                                        ] 5% 
Uploading: [====                                                        ] 5% 
Uploading: [====                                                        ] 6% 
Uploading: [====                                                        ] 6% 
Uploading: [====                                                        ] 6% 
Uploading: [====                                                        ] 6% 
Uploading: [====                                                        ] 6% 
Uploading: [====                                                        ] 6% 
Uploading: [====                                                        ] 6% 
Uploading: [====                                                        ] 6% 
Uploading: [====                                                        ] 7% 
Uploading: [====                                                        ] 7% 
Uploading: [====                                                        ] 7% 
Uploading: [====                                                        ] 7% 
Uploading: [====                                                        ] 7% 
Uploading: [=====                                                       ] 7% 
Uploading: [=====                                                       ] 7% 
Uploading: [=====                                                       ] 7% 
Uploading: [=====                                                       ] 7% 
Uploading: [=====                                                       ] 8% 
Uploading: [=====                                                       ] 8% 
Uploading: [=====                                                       ] 8% 
Uploading: [=====                                                       ] 8% 
Uploading: [=====                                                       ] 8% 
Uploading: [=====                                                       ] 8% 
Uploading: [=====                                                       ] 8% 
Uploading: [=====                                                       ] 8% 
Uploading: [=====                                                       ] 9% 
Uploading: [=====                                                       ] 9% 
Uploading: [======                                                      ] 9% 
Uploading: [======                                                      ] 9% 
Uploading: [======                                                      ] 9% 
Uploading: [======                                                      ] 9% 
Uploading: [======                                                      ] 9% 
Uploading: [======                                                      ] 9% 
Uploading: [======                                                      ] 9% 
Uploading: [======                                                      ] 10% 
Uploading: [======                                                      ] 10% 
Uploading: [======                                                      ] 10% 
Uploading: [======                                                      ] 10% 
Uploading: [======                                                      ] 10% 
Uploading: [======                                                      ] 10% 
Uploading: [======                                                      ] 10% 
Uploading: [=======                                                     ] 10% 
Uploading: [=======                                                     ] 10% 
Uploading: [=======                                                     ] 11% 
Uploading: [=======                                                     ] 11% 
Uploading: [=======                                                     ] 11% 
Uploading: [=======                                                     ] 11% 
Uploading: [=======                                                     ] 11% 
Uploading: [=======                                                     ] 11% 
Uploading: [=======                                                     ] 11% 
Uploading: [=======                                                     ] 11% 
Uploading: [=======                                                     ] 12% 
Uploading: [=======                                                     ] 12% 
Uploading: [=======                                                     ] 12% 
Uploading: [=======                                                     ] 12% 
Uploading: [========                                                    ] 12% 
Uploading: [========                                                    ] 12% 
Uploading: [========                                                    ] 12% 
Uploading: [========                                                    ] 12% 
Uploading: [========                                                    ] 12% 
Uploading: [========                                                    ] 13% 
Uploading: [========                                                    ] 13% 
Uploading: [========                                                    ] 13% 
Uploading: [========                                                    ] 13% 
Uploading: [========                                                    ] 13% 
Uploading: [========                                                    ] 13% 
Uploading: [========                                                    ] 13% 
Uploading: [========                                                    ] 13% 
Uploading: [========                                                    ] 14% 
Uploading: [========                                                    ] 14% 
Uploading: [=========                                                   ] 14% 
Uploading: [=========                                                   ] 14% 
Uploading: [=========                                                   ] 14% 
Uploading: [=========                                                   ] 14% 
Uploading: [=========                                                   ] 14% 
Uploading: [=========                                                   ] 14% 
Uploading: [=========                                                   ] 14% 
Uploading: [=========                                                   ] 15% 
Uploading: [=========                                                   ] 15% 
Uploading: [=========                                                   ] 15% 
Uploading: [=========                                                   ] 15% 
Uploading: [=========                                                   ] 15% 
Uploading: [=========                                                   ] 15% 
Uploading: [=========                                                   ] 15% 
Uploading: [==========                                                  ] 15% 
Uploading: [==========                                                  ] 16% 
Uploading: [==========                                                  ] 16% 
Uploading: [==========                                                  ] 16% 
Uploading: [==========                                                  ] 16% scons: *** [upload] Error 3221225786
